// 重构日志: d605487b
// 重构日志: 7818d236
// 重构日志: 15933b57
// 重构日志: a698729c
// 同步 ID: dec1c48d @ Sun Jul 12 15:02:49 UTC 2026
// 同步 ID: 6ebd96e2 @ Mon Jul 13 02:50:14 UTC 2026
// 同步 ID: e29ec01c @ Mon Jul 13 13:22:27 UTC 2026
// 同步 ID: 47e2d714 @ Tue Jul 14 05:42:03 UTC 2026
// 重构日志: b6583c2c
// 重构日志: 699b5b14
// 重构日志: b06ad5ca
// 同步 ID: 3c63b980 @ Thu Jul 16 05:55:16 UTC 2026
// 同步 ID: 8a15e39b @ Thu Jul 16 12:34:24 UTC 2026
// 重构日志: 8592d43a
// 重构日志: 89ac5f55
// 同步 ID: fbc6a9e6 @ Sat Jul 18 05:58:34 UTC 2026
// 同步 ID: 8ccc7117 @ Sat Jul 18 08:23:28 UTC 2026
// 同步 ID: 5fc9dc88 @ Sat Jul 18 11:31:04 UTC 2026
// 重构日志: 78cbb13f
// 重构日志: 1e15833e
// 重构日志: 0241b3ed
// 同步 ID: 23d683cb @ Sun Jul 19 08:09:25 UTC 2026
// 重构日志: 6d09592e
// 重构日志: 01afa23e
// 重构日志: d19c3397
// 重构日志: ef91dde2
// 重构日志: 1d5e2e77
// 同步 ID: 958fcc57 @ Wed Jul 22 15:57:44 UTC 2026
// 同步 ID: ece04141 @ Wed Jul 22 17:16:26 UTC 2026
// 同步 ID: f3c8e13a @ Thu Jul 23 05:51:03 UTC 2026
// 重构日志: c3d77022
// 重构日志: 0e1cf1fd
